[2026-Mar-24 15:57:50] [debug] --------------------------------------------------------------------------------
[2026-Mar-24 15:57:50] [debug] nrfjprog --recover -f NRF53 --log 
[2026-Mar-24 15:57:50] [debug] nrfjprog version 10.24.2 external
[2026-Mar-24 15:57:50] [debug] --------------------------------------------------------------------------------
[2026-Mar-24 15:57:50] [ info] Load library at /tmp/nrf-tools/nrf-command-line-tools/lib/libnrfjprogdll.so.
[2026-Mar-24 15:57:50] [ info] Library loaded, loading member functions.
[2026-Mar-24 15:57:50] [ info] Member functions succesfully loaded.
[2026-Mar-24 15:57:50] [debug] [ Client] - open
[2026-Mar-24 15:57:50] [debug] [ Client] - start
[2026-Mar-24 15:57:50] [ info] [ Client] - stdout: Jlinkarm nRF Worker ready. Handling sequence 51a11241-06a1-4b0e-a031-f69e909b86d3.
[2026-Mar-24 15:57:50] [debug] [SeggerBackend] - Logger sink registered in Segger backend logger
[2026-Mar-24 15:57:50] [debug] [  JLink] - Logger sink registered in JLink logger
[2026-Mar-24 15:57:50] [debug] [  nRF53] - open
[2026-Mar-24 15:57:50] [debug] [  nRF53] - just_check_family
[2026-Mar-24 15:57:50] [debug] [SeggerBackend] - open_dll
[2026-Mar-24 15:57:50] [debug] [SeggerBackend] - No J-Link DLL path was provided. Attempting to auto detect.
[2026-Mar-24 15:57:50] [ info] [SeggerBackend] - Load library at /opt/SEGGER/JLink/libjlinkarm.so.8.10.1.
[2026-Mar-24 15:57:50] [trace] [ Client] - Command open executed for 5 milliseconds with result 0
[2026-Mar-24 15:57:50] [debug] [ Client] - config
[2026-Mar-24 15:57:50] [trace] [ Client] - Command config executed for 1 milliseconds with result 0
[2026-Mar-24 15:57:50] [debug] [ Client] - enum_emu_snr
[2026-Mar-24 15:57:50] [ info] [SeggerBackend] - Library loaded, loading member functions.
[2026-Mar-24 15:57:50] [ info] [SeggerBackend] - Member functions succesfully loaded.
[2026-Mar-24 15:57:50] [debug] [SeggerBackend] - Set batch mode
[2026-Mar-24 15:57:50] [debug] [SeggerBackend] - dll_version
[2026-Mar-24 15:57:50] [ info] [SeggerBackend] - Segger dll version 8.10.a loaded.
[2026-Mar-24 15:57:50] [trace] [ Worker] - Command open executed for 4 milliseconds with result 0
[2026-Mar-24 15:57:50] [debug] [  nRF53] - config
[2026-Mar-24 15:57:50] [debug] [SeggerBackend] - enum_emu_snr
[2026-Mar-24 15:57:50] [trace] [ Worker] - Command config executed for 1 milliseconds with result 0
[2026-Mar-24 15:57:50] [debug] [  nRF53] - enum_emu_con_info
[2026-Mar-24 15:57:50] [debug] [SeggerBackend] - is_connected_to_emu
[2026-Mar-24 15:57:50] [debug] [SeggerBackend] - enum_emu_con_info
[2026-Mar-24 15:57:50] [trace] [ Client] - Command enum_emu_con_info executed for 54 milliseconds with result 0
[2026-Mar-24 15:57:50] [debug] [ Client] - connect_to_emu_with_snr
[2026-Mar-24 15:57:50] [debug] [SeggerBackend] - is_connected_to_emu
[2026-Mar-24 15:57:50] [trace] [ Worker] - Command enum_emu_con_info executed for 54 milliseconds with result 0
[2026-Mar-24 15:57:50] [debug] [  nRF53] - connect_to_emu_with_snr
[2026-Mar-24 15:57:50] [debug] [SeggerBackend] - is_connected_to_emu
[2026-Mar-24 15:57:50] [debug] [SeggerBackend] - connect_to_emu_with_snr
[2026-Mar-24 15:57:50] [debug] [SeggerBackend] - is_connected_to_emu
[2026-Mar-24 15:57:50] [debug] [SeggerBackend] - ---just_enum_emu_snr
[2026-Mar-24 15:57:50] [debug] [SeggerBackend] - ---just_get_num_emus
[2026-Mar-24 15:57:50] [debug] [SeggerBackend] - ---just_connect_to_emu_with_snr
[2026-Mar-24 15:57:50] [debug] [SeggerBackend] - ---just_connect_to_emu_without_snr
[2026-Mar-24 15:57:50] [debug] [SeggerBackend] - Segger logging enabled.
[2026-Mar-24 15:57:50] [trace] [  JLink] - Firmware: J-Link OB-nRF5340-NordicSemi compiled Sep 18 2024 15:46:12
[2026-Mar-24 15:57:50] [trace] [  JLink] - Firmware: J-Link OB-nRF5340-NordicSemi compiled Sep 18 2024 15:46:12
[2026-Mar-24 15:57:50] [trace] [  JLink] - Hardware: V1.00
[2026-Mar-24 15:57:50] [trace] [  JLink] - S/N: 1050082094
[2026-Mar-24 15:57:50] [trace] [  JLink] - OEM: SEGGER
[2026-Mar-24 15:57:50] [trace] [  JLink] - Feature(s): RDI, FlashBP, FlashDL, JFlash, GDB
[2026-Mar-24 15:57:50] [trace] [  JLink] - Bootloader: 2021 May 18
[2026-Mar-24 15:57:50] [trace] [  JLink] - USB speed mode: Full speed (12 MBit/s)
[2026-Mar-24 15:57:50] [trace] [  JLink] - TELNET listener socket opened on port 19021
[2026-Mar-24 15:57:50] [trace] [  JLink] - WEBSRV WEBSRV_Init(): Starting webserver thread(s)
[2026-Mar-24 15:57:50] [trace] [  JLink] - WEBSRV Webserver running on local port 19080
[2026-Mar-24 15:57:50] [trace] [  JLink] - Looking for J-Link GUI Server exe at: /opt/SEGGER/JLink/JLinkGUIServerExe 
[2026-Mar-24 15:57:50] [trace] [  JLink] - Forking J-Link GUI Server: /opt/SEGGER/JLink/JLinkGUIServerExe 
[2026-Mar-24 15:57:50] [trace] [ Client] - Command connect_to_emu_with_snr executed for 220 milliseconds with result 0
[2026-Mar-24 15:57:50] [debug] [ Client] - read_connected_emu_snr
[2026-Mar-24 15:57:50] [trace] [ Client] - Command read_connected_emu_snr executed for 0 milliseconds with result 0
[2026-Mar-24 15:57:50] [debug] [ Client] - recover
[2026-Mar-24 15:57:50] [trace] [  JLink] - J-Link GUI Server info: "J-Link GUI server V8.10a " 
[2026-Mar-24 15:57:50] [trace] [  JLink] - - 39.030ms returns "O.K."  
[2026-Mar-24 15:57:50] [trace] [  JLink] - JLINK_HasError()  
[2026-Mar-24 15:57:50] [trace] [  JLink] - JLINK_Lock()  
[2026-Mar-24 15:57:50] [trace] [  JLink] - JLINK_ExecCommand("SetRestartOnClose = 0", ...).   
[2026-Mar-24 15:57:50] [trace] [  JLink] - - 0.002ms returns 0x01  
[2026-Mar-24 15:57:50] [trace] [  JLink] - JLINK_HasError()  
[2026-Mar-24 15:57:50] [trace] [  JLink] - JLINK_ExecCommand("DisableFlashDL", ...).   
[2026-Mar-24 15:57:50] [trace] [  JLink] - - 0.001ms returns 0x00  
[2026-Mar-24 15:57:50] [trace] [  JLink] - JLINK_HasError()  
[2026-Mar-24 15:57:50] [trace] [  JLink] - JLINK_ExecCommand("ExcludeFlashCacheRange 0x0-0xFFFFFFFF", ...).   
[2026-Mar-24 15:57:50] [trace] [  JLink] - - 0.001ms returns 0x00  
[2026-Mar-24 15:57:50] [trace] [  JLink] - JLINK_HasError()  
[2026-Mar-24 15:57:50] [trace] [  JLink] - JLINK_SetHookUnsecureDialog  
[2026-Mar-24 15:57:50] [trace] [  JLink] - JLINK_SetHookUnsecureDialog(...)
[2026-Mar-24 15:57:50] [trace] [  JLink] - - 0.004ms returns 0  
[2026-Mar-24 15:57:50] [trace] [  JLink] - JLINK_HasError()  
[2026-Mar-24 15:57:50] [trace] [  JLink] - JLINK_TIF_Select(JLINKARM_TIF_SWD)  
[2026-Mar-24 15:57:50] [trace] [  JLink] - - 0.403ms returns 0x00  
[2026-Mar-24 15:57:50] [trace] [  JLink] - JLINK_HasError()  
[2026-Mar-24 15:57:50] [trace] [  JLink] - JLINK_GetSpeedInfo()  
[2026-Mar-24 15:57:50] [trace] [  JLink] - 128000000 Hz / n, n >= 64
[2026-Mar-24 15:57:50] [trace] [  JLink] - - 0.004ms  
[2026-Mar-24 15:57:50] [trace] [  JLink] - JLINK_HasError()  
[2026-Mar-24 15:57:50] [debug] [SeggerBackend] - Connected emulator supports SWD speeds up to 2000kHz
[2026-Mar-24 15:57:50] [trace] [  JLink] - JLINK_SetSpeed(2000)  
[2026-Mar-24 15:57:50] [trace] [  JLink] - - 0.048ms  
[2026-Mar-24 15:57:50] [trace] [  JLink] - JLINK_HasError()  
[2026-Mar-24 15:57:50] [trace] [  JLink] - JLINK_GetSpeed()  
[2026-Mar-24 15:57:50] [trace] [  JLink] - - 0.001ms returns 2000  
[2026-Mar-24 15:57:50] [trace] [  JLink] - JLINK_HasError()  
[2026-Mar-24 15:57:50] [debug] [SeggerBackend] - SWD clock set to 2000kHz
[2026-Mar-24 15:57:50] [trace] [  JLink] - JLINK_GetSN()  
[2026-Mar-24 15:57:50] [trace] [  JLink] - - 0.002ms returns 1050082094  
[2026-Mar-24 15:57:50] [trace] [  JLink] - JLINK_HasError()  
[2026-Mar-24 15:57:50] [trace] [  JLink] - - 0.003ms  
[2026-Mar-24 15:57:50] [debug] [  nRF53] - read_device_family
[2026-Mar-24 15:57:50] [trace] [ Worker] - Command connect_to_emu_with_snr executed for 220 milliseconds with result 0
[2026-Mar-24 15:57:50] [debug] [  nRF53] - read_connected_emu_snr
[2026-Mar-24 15:57:50] [debug] [SeggerBackend] - is_connected_to_emu
[2026-Mar-24 15:57:50] [trace] [  JLink] - JLINK_IsOpen()  
[2026-Mar-24 15:57:50] [trace] [  JLink] - - 0.002ms returns 0x01  
[2026-Mar-24 15:57:50] [trace] [  JLink] - JLINK_HasError()  
[2026-Mar-24 15:57:50] [trace] [  JLink] - JLINK_Lock()  
[2026-Mar-24 15:57:50] [debug] [SeggerBackend] - read_connected_emu_snr
